<?xml version="1.0" encoding="UTF-8"?>
<testsuite name="ReviewAggregate" tests="8" failures="0" time="25.0">
<testcase classname="CiEditorSmoke" name="SceneLoaded" time="10"/>
<testcase classname="CiEditorSmoke" name="BootstrapReady" time="10"/>
<testcase classname="CiEditorSmoke" name="AutoplayInteractions" time="10"/>
<testcase classname="CiEditorSmoke" name="WithinTimeBudget" time="10"/>
<testcase classname="CiEditorSmoke.Functional" name="Gameplay.PlayerPresent" time="10">
    <failure message="No Player in scene (tag 'Player' or name contains 'player')"/>
  </testcase>
<testcase classname="CiEditorSmoke.Functional" name="Gameplay.PlayerLocomotion" time="10">
    <failure message="No CharacterController/Rigidbody on Player"/>
  </testcase>
<testcase classname="CiEditorSmoke.Functional" name="Gameplay.PlayerCollider" time="10">
    <failure message="No Collider on Player"/>
  </testcase>
<testcase classname="CiEditorSmoke.Functional" name="Gameplay.InteractionsExist" time="10"/>
<testcase classname="CiEditorSmoke.Functional" name="Gameplay.InteractionsArmed" time="10"/>
<testcase classname="CiEditorSmoke.Functional" name="Gameplay.NavMeshReady" time="10">
    <failure message="No NavMesh detected (bake or build at runtime)"/>
  </testcase>
<testcase classname="CiEditorSmoke.Functional" name="Gameplay.OppositionPresent" time="10">
    <failure message="No enemy/target object found"/>
  </testcase>
<testcase classname="CiEditorSmoke.Functional" name="Visuals.MainCamera" time="10"/>
<testcase classname="CiEditorSmoke.Functional" name="Visuals.LightPresent" time="10">
    <failure message="No enabled Light in scene"/>
  </testcase>
<testcase classname="CiEditorSmoke.Functional" name="Visuals.MaterialsAssigned" time="10"/>
<testcase classname="CiEditorSmoke.Functional" name="Visuals.NoErrorShader" time="10"/>
<testcase classname="CiEditorSmoke.Functional" name="Visuals.TransformSane" time="10"/>
<testcase classname="CiEditorSmoke.Functional" name="Audio.SingleListener" time="10">
    <failure message="Enabled listeners: 0"/>
  </testcase>
<testcase classname="CiEditorSmoke.Functional" name="Audio.SourcePresent" time="10">
    <failure message="No AudioSource found"/>
  </testcase>
<testcase classname="CiEditorSmoke.Functional" name="Audio.PlayOnAwakeHasClip" time="10"/>
<testcase classname="CiEditorSmoke.Functional" name="Audio.VolumeRange" time="10"/>
<testcase classname="CiEditorSmoke.Functional" name="Systems.EventSystem" time="10"/>
<testcase classname="CiEditorSmoke.Functional" name="Systems.TimeScale" time="10"/>
<testcase classname="CiEditorSmoke.Functional" name="Systems.PhysicsPresent" time="10"/>
<testcase classname="CiEditorSmoke.Functional" name="Systems.Raycastable" time="10">
    <failure message="Nothing is hit by a forward ray from MainCamera (layers/colliders?)"/>
  </testcase>
<testcase classname="CiEditorSmoke.Functional" name="Scene.MissingScripts" time="10"/><testcase classname="CiEditorSmokeRealScene" name="SceneLoaded" time="15"/>
<testcase classname="CiEditorSmokeRealScene" name="BootstrapReady" time="15">
    <failure message="Bootstrap prerequisites missing"/>
  </testcase>
<testcase classname="CiEditorSmokeRealScene" name="AutoplayInteractions" time="15"/>
<testcase classname="CiEditorSmokeRealScene" name="WithinTimeBudget" time="15"/>
<testcase classname="CiEditorSmokeRealScene.Functional" name="Gameplay.PlayerPresent" time="15"/>
<testcase classname="CiEditorSmokeRealScene.Functional" name="Gameplay.PlayerLocomotion" time="15"/>
<testcase classname="CiEditorSmokeRealScene.Functional" name="Gameplay.PlayerCollider" time="15"/>
<testcase classname="CiEditorSmokeRealScene.Functional" name="Gameplay.InteractionsExist" time="15"/>
<testcase classname="CiEditorSmokeRealScene.Functional" name="Gameplay.InteractionsArmed" time="15"/>
<testcase classname="CiEditorSmokeRealScene.Functional" name="Gameplay.QualityScore" time="15"/>
<testcase classname="CiEditorSmokeRealScene.Functional" name="Gameplay.EngagementTest" time="15"/>
<testcase classname="CiEditorSmokeRealScene.Functional" name="Gameplay.NavMeshReady" time="15">
    <failure message="No NavMesh detected (bake or build at runtime)"/>
  </testcase>
<testcase classname="CiEditorSmokeRealScene.Functional" name="Gameplay.OppositionPresent" time="15"/>
<testcase classname="CiEditorSmokeRealScene.Functional" name="Gameplay.FlowValid" time="15">
    <failure message="Gameplay flow has issues"/>
  </testcase>
<testcase classname="CiEditorSmokeRealScene.Functional" name="Engagement.Core" time="15"/>
<testcase classname="CiEditorSmokeRealScene.Functional" name="Engagement.Progression" time="15">
    <failure message="Limited progression elements"/>
  </testcase>
<testcase classname="CiEditorSmokeRealScene.Functional" name="Engagement.Challenge" time="15"/>
<testcase classname="CiEditorSmokeRealScene.Functional" name="Engagement.Spatial" time="15"/>
<testcase classname="CiEditorSmokeRealScene.Functional" name="Engagement.Flow" time="15"/>
<testcase classname="CiEditorSmokeRealScene.Functional" name="Engagement.OverallScore" time="15">
    <failure message="Overall engagement score: 68/100"/>
  </testcase>
<testcase classname="CiEditorSmokeRealScene.Functional" name="Visuals.MainCamera" time="15"/>
<testcase classname="CiEditorSmokeRealScene.Functional" name="Visuals.LightPresent" time="15">
    <failure message="No enabled Light in scene"/>
  </testcase>
<testcase classname="CiEditorSmokeRealScene.Functional" name="Visuals.MaterialsAssigned" time="15"/>
<testcase classname="CiEditorSmokeRealScene.Functional" name="Visuals.NoErrorShader" time="15"/>
<testcase classname="CiEditorSmokeRealScene.Functional" name="Visuals.TransformSane" time="15"/>
<testcase classname="CiEditorSmokeRealScene.Functional" name="Audio.SingleListener" time="15">
    <failure message="Enabled listeners: 0"/>
  </testcase>
<testcase classname="CiEditorSmokeRealScene.Functional" name="Audio.SourcePresent" time="15">
    <failure message="No AudioSource found"/>
  </testcase>
<testcase classname="CiEditorSmokeRealScene.Functional" name="Audio.PlayOnAwakeHasClip" time="15"/>
<testcase classname="CiEditorSmokeRealScene.Functional" name="Audio.VolumeRange" time="15"/>
<testcase classname="CiEditorSmokeRealScene.Functional" name="Systems.EventSystem" time="15"/>
<testcase classname="CiEditorSmokeRealScene.Functional" name="Systems.TimeScale" time="15"/>
<testcase classname="CiEditorSmokeRealScene.Functional" name="Systems.PhysicsPresent" time="15"/>
<testcase classname="CiEditorSmokeRealScene.Functional" name="Systems.Raycastable" time="15">
    <failure message="Nothing is hit by a forward ray from MainCamera (layers/colliders?)"/>
  </testcase>
<testcase classname="CiEditorSmokeRealScene.Functional" name="Scene.MissingScripts" time="15"/>
</testsuite>
