<?xml version="1.0" encoding="UTF-8"?>
<testsuite name="CiEditorSmoke" tests="4" failures="0" time="10">
  <testcase classname="CiEditorSmoke" name="SceneLoaded" time="10"></testcase>

  <testcase classname="CiEditorSmoke" name="BootstrapReady" time="10"></testcase>

  <testcase classname="CiEditorSmoke" name="AutoplayInteractions" time="10"></testcase>

  <testcase classname="CiEditorSmoke" name="WithinTimeBudget" time="10"></testcase>

  <testcase classname="CiEditorSmoke.Functional" name="Gameplay.PlayerPresent" time="10">
    <failure message="No Player in scene (tag 'Player' or name contains 'player')" />
  </testcase>
  <testcase classname="CiEditorSmoke.Functional" name="Gameplay.PlayerLocomotion" time="10">
    <failure message="No CharacterController/Rigidbody on Player" />
  </testcase>
  <testcase classname="CiEditorSmoke.Functional" name="Gameplay.PlayerCollider" time="10">
    <failure message="No Collider on Player" />
  </testcase>
  <testcase classname="CiEditorSmoke.Functional" name="Gameplay.InteractionsExist" time="10"></testcase>
  <testcase classname="CiEditorSmoke.Functional" name="Gameplay.InteractionsArmed" time="10"></testcase>
  <testcase classname="CiEditorSmoke.Functional" name="Gameplay.NavMeshReady" time="10">
    <failure message="No NavMesh detected (bake or build at runtime)" />
  </testcase>
  <testcase classname="CiEditorSmoke.Functional" name="Gameplay.OppositionPresent" time="10">
    <failure message="No enemy/target object found" />
  </testcase>
  <testcase classname="CiEditorSmoke.Functional" name="Visuals.MainCamera" time="10"></testcase>
  <testcase classname="CiEditorSmoke.Functional" name="Visuals.LightPresent" time="10">
    <failure message="No enabled Light in scene" />
  </testcase>
  <testcase classname="CiEditorSmoke.Functional" name="Visuals.MaterialsAssigned" time="10"></testcase>
  <testcase classname="CiEditorSmoke.Functional" name="Visuals.NoErrorShader" time="10"></testcase>
  <testcase classname="CiEditorSmoke.Functional" name="Visuals.TransformSane" time="10"></testcase>
  <testcase classname="CiEditorSmoke.Functional" name="Audio.SingleListener" time="10">
    <failure message="Enabled listeners: 0" />
  </testcase>
  <testcase classname="CiEditorSmoke.Functional" name="Audio.SourcePresent" time="10">
    <failure message="No AudioSource found" />
  </testcase>
  <testcase classname="CiEditorSmoke.Functional" name="Audio.PlayOnAwakeHasClip" time="10"></testcase>
  <testcase classname="CiEditorSmoke.Functional" name="Audio.VolumeRange" time="10"></testcase>
  <testcase classname="CiEditorSmoke.Functional" name="Systems.EventSystem" time="10"></testcase>
  <testcase classname="CiEditorSmoke.Functional" name="Systems.TimeScale" time="10"></testcase>
  <testcase classname="CiEditorSmoke.Functional" name="Systems.PhysicsPresent" time="10"></testcase>
  <testcase classname="CiEditorSmoke.Functional" name="Systems.Raycastable" time="10">
    <failure message="Nothing is hit by a forward ray from MainCamera (layers/colliders?)" />
  </testcase>
  <testcase classname="CiEditorSmoke.Functional" name="Scene.MissingScripts" time="10"></testcase>
</testsuite>