<?xml version="1.0" encoding="UTF-8"?>
<testsuite name="CiEditorSmoke" tests="4" failures="0" time="10">
  <testcase classname="CiEditorSmoke" name="SceneLoaded" time="10"></testcase>

  <testcase classname="CiEditorSmoke" name="BootstrapReady" time="10"></testcase>

  <testcase classname="CiEditorSmoke" name="AutoplayInteractions" time="10">
    <failure message="InteractionsTriggered=0 < Min=1" />
  </testcase>

  <testcase classname="CiEditorSmoke" name="WithinTimeBudget" time="10"></testcase>

</testsuite>