<?xml version="1.0" encoding="utf-8"?>
<coverage line-rate="0" branch-rate="0" version="1.9" timestamp="1753575100" lines-covered="0" lines-valid="966" branches-covered="0" branches-valid="324">
  <sources>
    <source>/workspace/src/</source>
  </sources>
  <packages>
    <package name="Nexo.Core.Domain" line-rate="0" branch-rate="0" complexity="338">
      <classes>
        <class name="Nexo.Core.Domain.ValueObjects.AgentId" filename="Nexo.Core.Domain/ValueObjects/AgentId.cs" line-rate="0" branch-rate="0" complexity="8">
          <methods>
            <method name="get_Value" signature="()" line-rate="0" branch-rate="1" complexity="1">
              <lines>
                <line number="8" hits="0" branch="False" />
              </lines>
            </method>
            <method name="New" signature="()" line-rate="0" branch-rate="1" complexity="1">
              <lines>
                <line number="15" hits="0" branch="False" />
              </lines>
            </method>
            <method name="op_Implicit" signature="(Nexo.Core.Domain.ValueObjects.AgentId)" line-rate="0" branch-rate="1" complexity="1">
              <lines>
                <line number="16" hits="0" branch="False" />
              </lines>
            </method>
            <method name="ToString" signature="()" line-rate="0" branch-rate="1" complexity="1">
              <lines>
                <line number="17" hits="0" branch="False" />
              </lines>
            </method>
            <method name="CompareTo" signature="(Nexo.Core.Domain.ValueObjects.AgentId)" line-rate="0" branch-rate="0" complexity="2">
              <lines>
                <line number="18" hits="0" branch="True" condition-coverage="0% (0/2)">
                  <conditions>
                    <condition number="7" type="jump" coverage="0%" />
                  </conditions>
                </line>
              </lines>
            </method>
            <method name=".ctor" signature="(System.String)" line-rate="0" branch-rate="0" complexity="2">
              <lines>
                <line number="9" hits="0" branch="False" />
                <line number="11" hits="0" branch="True" condition-coverage="0% (0/2)">
                  <conditions>
                    <condition number="12" type="jump" coverage="0%" />
                  </conditions>
                </line>
                <line number="12" hits="0" branch="False" />
                <line number="13" hits="0" branch="False" />
                <line number="14" hits="0" branch="False" />
              </lines>
            </method>
          </methods>
          <lines>
            <line number="8" hits="0" branch="False" />
            <line number="15" hits="0" branch="False" />
            <line number="16" hits="0" branch="False" />
            <line number="17" hits="0" branch="False" />
            <line number="18" hits="0" branch="True" condition-coverage="0% (0/2)">
              <conditions>
                <condition number="7" type="jump" coverage="0%" />
              </conditions>
            </line>
            <line number="9" hits="0" branch="False" />
            <line number="11" hits="0" branch="True" condition-coverage="0% (0/2)">
              <conditions>
                <condition number="12" type="jump" coverage="0%" />
              </conditions>
            </line>
            <line number="12" hits="0" branch="False" />
            <line number="13" hits="0" branch="False" />
            <line number="14" hits="0" branch="False" />
          </lines>
        </class>
        <class name="Nexo.Core.Domain.ValueObjects.AgentName" filename="Nexo.Core.Domain/ValueObjects/AgentName.cs" line-rate="0" branch-rate="0" complexity="22">
          <methods>
            <method name="get_Value" signature="()" line-rate="0" branch-rate="1" complexity="1">
              <lines>
                <line number="8" hits="0" branch="False" />
              </lines>
            </method>
            <method name="op_Implicit" signature="(Nexo.Core.Domain.ValueObjects.AgentName)" line-rate="0" branch-rate="1" complexity="1">
              <lines>
                <line number="17" hits="0" branch="False" />
              </lines>
            </method>
            <method name="ToString" signature="()" line-rate="0" branch-rate="1" complexity="1">
              <lines>
                <line number="18" hits="0" branch="False" />
              </lines>
            </method>
            <method name="CompareTo" signature="(Nexo.Core.Domain.ValueObjects.AgentName)" line-rate="0" branch-rate="0" complexity="2">
              <lines>
                <line number="19" hits="0" branch="True" condition-coverage="0% (0/2)">
                  <conditions>
                    <condition number="13" type="jump" coverage="0%" />
                  </conditions>
                </line>
              </lines>
            </method>
            <method name="Equals" signature="(System.Object)" line-rate="0" branch-rate="1" complexity="1">
              <lines>
                <line number="22" hits="0" branch="False" />
                <line number="23" hits="0" branch="False" />
              </lines>
            </method>
            <method name="Equals" signature="(Nexo.Core.Domain.ValueObjects.AgentName)" line-rate="0" branch-rate="0" complexity="4">
              <lines>
                <line number="27" hits="0" branch="True" condition-coverage="0% (0/4)">
                  <conditions>
                    <condition number="2" type="jump" coverage="0%" />
                    <condition number="11" type="jump" coverage="0%" />
                  </conditions>
                </line>
                <line number="28" hits="0" branch="False" />
              </lines>
            </method>
            <method name="GetHashCode" signature="()" line-rate="0" branch-rate="1" complexity="1">
              <lines>
                <line number="32" hits="0" branch="False" />
                <line number="33" hits="0" branch="False" />
              </lines>
            </method>
            <method name="op_Equality" signature="(Nexo.Core.Domain.ValueObjects.AgentName,Nexo.Core.Domain.ValueObjects.AgentName)" line-rate="0" branch-rate="0" complexity="6">
              <lines>
                <line number="37" hits="0" branch="True" condition-coverage="0% (0/2)">
                  <conditions>
                    <condition number="2" type="jump" coverage="0%" />
                  </conditions>
                </line>
                <line number="38" hits="0" branch="True" condition-coverage="0% (0/4)">
                  <conditions>
                    <condition number="7" type="jump" coverage="0%" />
                    <condition number="10" type="jump" coverage="0%" />
                  </conditions>
                </line>
                <line number="39" hits="0" branch="False" />
              </lines>
            </method>
            <method name="op_Inequality" signature="(Nexo.Core.Domain.ValueObjects.AgentName,Nexo.Core.Domain.ValueObjects.AgentName)" line-rate="0" branch-rate="1" complexity="1">
              <lines>
                <line number="41" hits="0" branch="False" />
              </lines>
            </method>
            <method name=".ctor" signature="(System.String)" line-rate="0" branch-rate="0" complexity="4">
              <lines>
                <line number="9" hits="0" branch="False" />
                <line number="11" hits="0" branch="True" condition-coverage="0% (0/2)">
                  <conditions>
                    <condition number="12" type="jump" coverage="0%" />
                  </conditions>
                </line>
                <line number="12" hits="0" branch="False" />
                <line number="13" hits="0" branch="True" condition-coverage="0% (0/2)">
                  <conditions>
                    <condition number="38" type="jump" coverage="0%" />
                  </conditions>
                </line>
                <line number="14" hits="0" branch="False" />
                <line number="15" hits="0" branch="False" />
                <line number="16" hits="0" branch="False" />
              </lines>
            </method>
          </methods>
          <lines>
            <line number="8" hits="0" branch="False" />
            <line number="17" hits="0" branch="False" />
            <line number="18" hits="0" branch="False" />
            <line number="19" hits="0" branch="True" condition-coverage="0% (0/2)">
              <conditions>
                <condition number="13" type="jump" coverage="0%" />
              </conditions>
            </line>
            <line number="22" hits="0" branch="False" />
            <line number="23" hits="0" branch="False" />
            <line number="27" hits="0" branch="True" condition-coverage="0% (0/4)">
              <conditions>
                <condition number="2" type="jump" coverage="0%" />
                <condition number="11" type="jump" coverage="0%" />
              </conditions>
            </line>
            <line number="28" hits="0" branch="False" />
            <line number="32" hits="0" branch="False" />
            <line number="33" hits="0" branch="False" />
            <line number="37" hits="0" branch="True" condition-coverage="0% (0/2)">
              <conditions>
                <condition number="2" type="jump" coverage="0%" />
              </conditions>
            </line>
            <line number="38" hits="0" branch="True" condition-coverage="0% (0/4)">
              <conditions>
                <condition number="7" type="jump" coverage="0%" />
                <condition number="10" type="jump" coverage="0%" />
              </conditions>
            </line>
            <line number="39" hits="0" branch="False" />
            <line number="41" hits="0" branch="False" />
            <line number="9" hits="0" branch="False" />
            <line number="11" hits="0" branch="True" condition-coverage="0% (0/2)">
              <conditions>
                <condition number="12" type="jump" coverage="0%" />
              </conditions>
            </line>
            <line number="12" hits="0" branch="False" />
            <line number="13" hits="0" branch="True" condition-coverage="0% (0/2)">
              <conditions>
                <condition number="38" type="jump" coverage="0%" />
              </conditions>
            </line>
            <line number="14" hits="0" branch="False" />
            <line number="15" hits="0" branch="False" />
            <line number="16" hits="0" branch="False" />
          </lines>
        </class>
        <class name="Nexo.Core.Domain.ValueObjects.AgentRole" filename="Nexo.Core.Domain/ValueObjects/AgentRole.cs" line-rate="0" branch-rate="0" complexity="26">
          <methods>
            <method name="get_Value" signature="()" line-rate="0" branch-rate="1" complexity="1">
              <lines>
                <line number="12" hits="0" branch="False" />
              </lines>
            </method>
            <method name="get_IsStandardRole" signature="()" line-rate="0" branch-rate="1" complexity="1">
              <lines>
                <line number="19" hits="0" branch="False" />
              </lines>
            </method>
            <method name="get_Manager" signature="()" line-rate="0" branch-rate="1" complexity="1">
              <lines>
                <line number="20" hits="0" branch="False" />
              </lines>
            </method>
            <method name="get_Architect" signature="()" line-rate="0" branch-rate="1" complexity="1">
              <lines>
                <line number="21" hits="0" branch="False" />
              </lines>
            </method>
            <method name="get_Developer" signature="()" line-rate="0" branch-rate="1" complexity="1">
              <lines>
                <line number="22" hits="0" branch="False" />
              </lines>
            </method>
            <method name="get_Tester" signature="()" line-rate="0" branch-rate="1" complexity="1">
              <lines>
                <line number="23" hits="0" branch="False" />
              </lines>
            </method>
            <method name="op_Implicit" signature="(Nexo.Core.Domain.ValueObjects.AgentRole)" line-rate="0" branch-rate="1" complexity="1">
              <lines>
                <line number="24" hits="0" branch="False" />
              </lines>
            </method>
            <method name="ToString" signature="()" line-rate="0" branch-rate="1" complexity="1">
              <lines>
                <line number="25" hits="0" branch="False" />
              </lines>
            </method>
            <method name="CompareTo" signature="(Nexo.Core.Domain.ValueObjects.AgentRole)" line-rate="0" branch-rate="0" complexity="2">
              <lines>
                <line number="26" hits="0" branch="True" condition-coverage="0% (0/2)">
                  <conditions>
                    <condition number="13" type="jump" coverage="0%" />
                  </conditions>
                </line>
              </lines>
            </method>
            <method name="Equals" signature="(System.Object)" line-rate="0" branch-rate="1" complexity="1">
              <lines>
                <line number="29" hits="0" branch="False" />
                <line number="30" hits="0" branch="False" />
              </lines>
            </method>
            <method name="Equals" signature="(Nexo.Core.Domain.ValueObjects.AgentRole)" line-rate="0" branch-rate="0" complexity="4">
              <lines>
                <line number="34" hits="0" branch="True" condition-coverage="0% (0/4)">
                  <conditions>
                    <condition number="2" type="jump" coverage="0%" />
                    <condition number="11" type="jump" coverage="0%" />
                  </conditions>
                </line>
                <line number="35" hits="0" branch="False" />
              </lines>
            </method>
            <method name="GetHashCode" signature="()" line-rate="0" branch-rate="1" complexity="1">
              <lines>
                <line number="39" hits="0" branch="False" />
                <line number="40" hits="0" branch="False" />
              </lines>
            </method>
            <method name="op_Equality" signature="(Nexo.Core.Domain.ValueObjects.AgentRole,Nexo.Core.Domain.ValueObjects.AgentRole)" line-rate="0" branch-rate="0" complexity="6">
              <lines>
                <line number="44" hits="0" branch="True" condition-coverage="0% (0/2)">
                  <conditions>
                    <condition number="2" type="jump" coverage="0%" />
                  </conditions>
                </line>
                <line number="45" hits="0" branch="True" condition-coverage="0% (0/4)">
                  <conditions>
                    <condition number="7" type="jump" coverage="0%" />
                    <condition number="10" type="jump" coverage="0%" />
                  </conditions>
                </line>
                <line number="46" hits="0" branch="False" />
              </lines>
            </method>
            <method name="op_Inequality" signature="(Nexo.Core.Domain.ValueObjects.AgentRole,Nexo.Core.Domain.ValueObjects.AgentRole)" line-rate="0" branch-rate="1" complexity="1">
              <lines>
                <line number="48" hits="0" branch="False" />
              </lines>
            </method>
            <method name=".ctor" signature="(System.String)" line-rate="0" branch-rate="0" complexity="2">
              <lines>
                <line number="13" hits="0" branch="False" />
                <line number="15" hits="0" branch="True" condition-coverage="0% (0/2)">
                  <conditions>
                    <condition number="12" type="jump" coverage="0%" />
                  </conditions>
                </line>
                <line number="16" hits="0" branch="False" />
                <line number="17" hits="0" branch="False" />
                <line number="18" hits="0" branch="False" />
              </lines>
            </method>
            <method name=".cctor" signature="()" line-rate="0" branch-rate="1" complexity="1">
              <lines>
                <line number="8" hits="0" branch="False" />
                <line number="9" hits="0" branch="False" />
                <line number="10" hits="0" branch="False" />
                <line number="11" hits="0" branch="False" />
              </lines>
            </method>
          </methods>
          <lines>
            <line number="12" hits="0" branch="False" />
            <line number="19" hits="0" branch="False" />
            <line number="20" hits="0" branch="False" />
            <line number="21" hits="0" branch="False" />
            <line number="22" hits="0" branch="False" />
            <line number="23" hits="0" branch="False" />
            <line number="24" hits="0" branch="False" />
            <line number="25" hits="0" branch="False" />
            <line number="26" hits="0" branch="True" condition-coverage="0% (0/2)">
              <conditions>
                <condition number="13" type="jump" coverage="0%" />
              </conditions>
            </line>
            <line number="29" hits="0" branch="False" />
            <line number="30" hits="0" branch="False" />
            <line number="34" hits="0" branch="True" condition-coverage="0% (0/4)">
              <conditions>
                <condition number="2" type="jump" coverage="0%" />
                <condition number="11" type="jump" coverage="0%" />
              </conditions>
            </line>
            <line number="35" hits="0" branch="False" />
            <line number="39" hits="0" branch="False" />
            <line number="40" hits="0" branch="False" />
            <line number="44" hits="0" branch="True" condition-coverage="0% (0/2)">
              <conditions>
                <condition number="2" type="jump" coverage="0%" />
              </conditions>
            </line>
            <line number="45" hits="0" branch="True" condition-coverage="0% (0/4)">
              <conditions>
                <condition number="7" type="jump" coverage="0%" />
                <condition number="10" type="jump" coverage="0%" />
              </conditions>
            </line>
            <line number="46" hits="0" branch="False" />
            <line number="48" hits="0" branch="False" />
            <line number="13" hits="0" branch="False" />
            <line number="15" hits="0" branch="True" condition-coverage="0% (0/2)">
              <conditions>
                <condition number="12" type="jump" coverage="0%" />
              </conditions>
            </line>
            <line number="16" hits="0" branch="False" />
            <line number="17" hits="0" branch="False" />
            <line number="18" hits="0" branch="False" />
            <line number="8" hits="0" branch="False" />
            <line number="9" hits="0" branch="False" />
            <line number="10" hits="0" branch="False" />
            <line number="11" hits="0" branch="False" />
          </lines>
        </class>
        <class name="Nexo.Core.Domain.ValueObjects.ContainerRuntime" filename="Nexo.Core.Domain/ValueObjects/ContainerRuntime.cs" line-rate="0" branch-rate="0" complexity="15">
          <methods>
            <method name="get_Value" signature="()" line-rate="0" branch-rate="1" complexity="1">
              <lines>
                <line number="12" hits="0" branch="False" />
              </lines>
            </method>
            <method name="get_Docker" signature="()" line-rate="0" branch-rate="1" complexity="1">
              <lines>
                <line number="22" hits="0" branch="False" />
              </lines>
            </method>
            <method name="get_Podman" signature="()" line-rate="0" branch-rate="1" complexity="1">
              <lines>
                <line number="23" hits="0" branch="False" />
              </lines>
            </method>
            <method name="get_Containerd" signature="()" line-rate="0" branch-rate="1" complexity="1">
              <lines>
                <line number="24" hits="0" branch="False" />
              </lines>
            </method>
            <method name="get_None" signature="()" line-rate="0" branch-rate="1" complexity="1">
              <lines>
                <line number="25" hits="0" branch="False" />
              </lines>
            </method>
            <method name="get_IsAvailable" signature="()" line-rate="0" branch-rate="1" complexity="1">
              <lines>
                <line number="26" hits="0" branch="False" />
              </lines>
            </method>
            <method name="op_Implicit" signature="(Nexo.Core.Domain.ValueObjects.ContainerRuntime)" line-rate="0" branch-rate="1" complexity="1">
              <lines>
                <line number="27" hits="0" branch="False" />
              </lines>
            </method>
            <method name="ToString" signature="()" line-rate="0" branch-rate="1" complexity="1">
              <lines>
                <line number="28" hits="0" branch="False" />
              </lines>
            </method>
            <method name="CompareTo" signature="(Nexo.Core.Domain.ValueObjects.ContainerRuntime)" line-rate="0" branch-rate="0" complexity="2">
              <lines>
                <line number="29" hits="0" branch="True" condition-coverage="0% (0/2)">
                  <conditions>
                    <condition number="7" type="jump" coverage="0%" />
                  </conditions>
                </line>
              </lines>
            </method>
            <method name=".ctor" signature="(System.String)" line-rate="0" branch-rate="0" complexity="4">
              <lines>
                <line number="13" hits="0" branch="False" />
                <line number="15" hits="0" branch="True" condition-coverage="0% (0/2)">
                  <conditions>
                    <condition number="12" type="jump" coverage="0%" />
                  </conditions>
                </line>
                <line number="16" hits="0" branch="False" />
                <line number="17" hits="0" branch="False" />
                <line number="18" hits="0" branch="True" condition-coverage="0% (0/2)">
                  <conditions>
                    <condition number="48" type="jump" coverage="0%" />
                  </conditions>
                </line>
                <line number="19" hits="0" branch="False" />
                <line number="20" hits="0" branch="False" />
                <line number="21" hits="0" branch="False" />
              </lines>
            </method>
            <method name=".cctor" signature="()" line-rate="0" branch-rate="1" complexity="1">
              <lines>
                <line number="8" hits="0" branch="False" />
                <line number="9" hits="0" branch="False" />
                <line number="10" hits="0" branch="False" />
                <line number="11" hits="0" branch="False" />
              </lines>
            </method>
          </methods>
          <lines>
            <line number="12" hits="0" branch="False" />
            <line number="22" hits="0" branch="False" />
            <line number="23" hits="0" branch="False" />
            <line number="24" hits="0" branch="False" />
            <line number="25" hits="0" branch="False" />
            <line number="26" hits="0" branch="False" />
            <line number="27" hits="0" branch="False" />
            <line number="28" hits="0" branch="False" />
            <line number="29" hits="0" branch="True" condition-coverage="0% (0/2)">
              <conditions>
                <condition number="7" type="jump" coverage="0%" />
              </conditions>
            </line>
            <line number="13" hits="0" branch="False" />
            <line number="15" hits="0" branch="True" condition-coverage="0% (0/2)">
              <conditions>
                <condition number="12" type="jump" coverage="0%" />
              </conditions>
            </line>
            <line number="16" hits="0" branch="False" />
            <line number="17" hits="0" branch="False" />
            <line number="18" hits="0" branch="True" condition-coverage="0% (0/2)">
              <conditions>
                <condition number="48" type="jump" coverage="0%" />
              </conditions>
            </line>
            <line number="19" hits="0" branch="False" />
            <line number="20" hits="0" branch="False" />
            <line number="21" hits="0" branch="False" />
            <line number="8" hits="0" branch="False" />
            <line number="9" hits="0" branch="False" />
            <line number="10" hits="0" branch="False" />
            <line number="11" hits="0" branch="False" />
          </lines>
        </class>
        <class name="Nexo.Core.Domain.ValueObjects.MinimalTest" filename="Nexo.Core.Domain/ValueObjects/MinimalTest.cs" line-rate="0" branch-rate="1" complexity="1">
          <methods>
            <method name="Hello" signature="()" line-rate="0" branch-rate="1" complexity="1">
              <lines>
                <line number="6" hits="0" branch="False" />
              </lines>
            </method>
          </methods>
          <lines>
            <line number="6" hits="0" branch="False" />
          </lines>
        </class>
        <class name="Nexo.Core.Domain.ValueObjects.ProjectId" filename="Nexo.Core.Domain/ValueObjects/ProjectId.cs" line-rate="0" branch-rate="0" complexity="13">
          <methods>
            <method name="get_Value" signature="()" line-rate="0" branch-rate="1" complexity="1">
              <lines>
                <line number="8" hits="0" branch="False" />
              </lines>
            </method>
            <method name="New" signature="()" line-rate="0" branch-rate="1" complexity="1">
              <lines>
                <line number="15" hits="0" branch="False" />
              </lines>
            </method>
            <method name="Parse" signature="(System.String)" line-rate="0" branch-rate="1" complexity="1">
              <lines>
                <line number="16" hits="0" branch="False" />
              </lines>
            </method>
            <method name="TryParse" signature="(System.String,Nexo.Core.Domain.ValueObjects.ProjectId&amp;)" line-rate="0" branch-rate="0" complexity="4">
              <lines>
                <line number="19" hits="0" branch="False" />
                <line number="21" hits="0" branch="True" condition-coverage="0% (0/4)">
                  <conditions>
                    <condition number="11" type="jump" coverage="0%" />
                    <condition number="24" type="jump" coverage="0%" />
                  </conditions>
                </line>
                <line number="23" hits="0" branch="False" />
                <line number="24" hits="0" branch="False" />
                <line number="26" hits="0" branch="False" />
              </lines>
            </method>
            <method name="op_Implicit" signature="(Nexo.Core.Domain.ValueObjects.ProjectId)" line-rate="0" branch-rate="1" complexity="1">
              <lines>
                <line number="28" hits="0" branch="False" />
              </lines>
            </method>
            <method name="ToString" signature="()" line-rate="0" branch-rate="1" complexity="1">
              <lines>
                <line number="29" hits="0" branch="False" />
              </lines>
            </method>
            <method name="CompareTo" signature="(Nexo.Core.Domain.ValueObjects.ProjectId)" line-rate="0" branch-rate="0" complexity="2">
              <lines>
                <line number="30" hits="0" branch="True" condition-coverage="0% (0/2)">
                  <conditions>
                    <condition number="1" type="jump" coverage="0%" />
                  </conditions>
                </line>
              </lines>
            </method>
            <method name=".ctor" signature="(System.Guid)" line-rate="0" branch-rate="0" complexity="2">
              <lines>
                <line number="9" hits="0" branch="False" />
                <line number="11" hits="0" branch="True" condition-coverage="0% (0/2)">
                  <conditions>
                    <condition number="17" type="jump" coverage="0%" />
                  </conditions>
                </line>
                <line number="12" hits="0" branch="False" />
                <line number="13" hits="0" branch="False" />
                <line number="14" hits="0" branch="False" />
              </lines>
            </method>
          </methods>
          <lines>
            <line number="8" hits="0" branch="False" />
            <line number="15" hits="0" branch="False" />
            <line number="16" hits="0" branch="False" />
            <line number="19" hits="0" branch="False" />
            <line number="21" hits="0" branch="True" condition-coverage="0% (0/4)">
              <conditions>
                <condition number="11" type="jump" coverage="0%" />
                <condition number="24" type="jump" coverage="0%" />
              </conditions>
            </line>
            <line number="23" hits="0" branch="False" />
            <line number="24" hits="0" branch="False" />
            <line number="26" hits="0" branch="False" />
            <line number="28" hits="0" branch="False" />
            <line number="29" hits="0" branch="False" />
            <line number="30" hits="0" branch="True" condition-coverage="0% (0/2)">
              <conditions>
                <condition number="1" type="jump" coverage="0%" />
              </conditions>
            </line>
            <line number="9" hits="0" branch="False" />
            <line number="11" hits="0" branch="True" condition-coverage="0% (0/2)">
              <conditions>
                <condition number="17" type="jump" coverage="0%" />
              </conditions>
            </line>
            <line number="12" hits="0" branch="False" />
            <line number="13" hits="0" branch="False" />
            <line number="14" hits="0" branch="False" />
          </lines>
        </class>
        <class name="Nexo.Core.Domain.ValueObjects.ProjectName" filename="Nexo.Core.Domain/ValueObjects/ProjectName.cs" line-rate="0" branch-rate="0" complexity="33">
          <methods>
            <method name="get_Value" signature="()" line-rate="0" branch-rate="1" complexity="1">
              <lines>
                <line number="12" hits="0" branch="False" />
              </lines>
            </method>
            <method name="op_Implicit" signature="(Nexo.Core.Domain.ValueObjects.ProjectName)" line-rate="0" branch-rate="1" complexity="1">
              <lines>
                <line number="23" hits="0" branch="False" />
              </lines>
            </method>
            <method name="ToString" signature="()" line-rate="0" branch-rate="1" complexity="1">
              <lines>
                <line number="24" hits="0" branch="False" />
              </lines>
            </method>
            <method name="CompareTo" signature="(Nexo.Core.Domain.ValueObjects.ProjectName)" line-rate="0" branch-rate="0" complexity="2">
              <lines>
                <line number="25" hits="0" branch="True" condition-coverage="0% (0/2)">
                  <conditions>
                    <condition number="13" type="jump" coverage="0%" />
                  </conditions>
                </line>
              </lines>
            </method>
            <method name="IsValid" signature="(System.String)" line-rate="0" branch-rate="0" complexity="6">
              <lines>
                <line number="28" hits="0" branch="True" condition-coverage="0% (0/6)">
                  <conditions>
                    <condition number="6" type="jump" coverage="0%" />
                    <condition number="15" type="jump" coverage="0%" />
                    <condition number="25" type="jump" coverage="0%" />
                  </conditions>
                </line>
                <line number="29" hits="0" branch="False" />
                <line number="30" hits="0" branch="False" />
              </lines>
            </method>
            <method name="Equals" signature="(System.Object)" line-rate="0" branch-rate="1" complexity="1">
              <lines>
                <line number="34" hits="0" branch="False" />
                <line number="35" hits="0" branch="False" />
              </lines>
            </method>
            <method name="Equals" signature="(Nexo.Core.Domain.ValueObjects.ProjectName)" line-rate="0" branch-rate="0" complexity="4">
              <lines>
                <line number="39" hits="0" branch="True" condition-coverage="0% (0/4)">
                  <conditions>
                    <condition number="2" type="jump" coverage="0%" />
                    <condition number="11" type="jump" coverage="0%" />
                  </conditions>
                </line>
                <line number="40" hits="0" branch="False" />
              </lines>
            </method>
            <method name="GetHashCode" signature="()" line-rate="0" branch-rate="1" complexity="1">
              <lines>
                <line number="44" hits="0" branch="False" />
                <line number="45" hits="0" branch="False" />
              </lines>
            </method>
            <method name="op_Equality" signature="(Nexo.Core.Domain.ValueObjects.ProjectName,Nexo.Core.Domain.ValueObjects.ProjectName)" line-rate="0" branch-rate="0" complexity="6">
              <lines>
                <line number="49" hits="0" branch="True" condition-coverage="0% (0/2)">
                  <conditions>
                    <condition number="2" type="jump" coverage="0%" />
                  </conditions>
                </line>
                <line number="50" hits="0" branch="True" condition-coverage="0% (0/4)">
                  <conditions>
                    <condition number="7" type="jump" coverage="0%" />
                    <condition number="10" type="jump" coverage="0%" />
                  </conditions>
                </line>
                <line number="51" hits="0" branch="False" />
              </lines>
            </method>
            <method name="op_Inequality" signature="(Nexo.Core.Domain.ValueObjects.ProjectName,Nexo.Core.Domain.ValueObjects.ProjectName)" line-rate="0" branch-rate="1" complexity="1">
              <lines>
                <line number="53" hits="0" branch="False" />
              </lines>
            </method>
            <method name=".ctor" signature="(System.String)" line-rate="0" branch-rate="0" complexity="8">
              <lines>
                <line number="13" hits="0" branch="False" />
                <line number="15" hits="0" branch="True" condition-coverage="0% (0/2)">
                  <conditions>
                    <condition number="12" type="jump" coverage="0%" />
                  </conditions>
                </line>
                <line number="16" hits="0" branch="False" />
                <line number="17" hits="0" branch="True" condition-coverage="0% (0/4)">
                  <conditions>
                    <condition number="37" type="jump" coverage="0%" />
                    <condition number="47" type="jump" coverage="0%" />
                  </conditions>
                </line>
                <line number="18" hits="0" branch="False" />
                <line number="19" hits="0" branch="True" condition-coverage="0% (0/2)">
                  <conditions>
                    <condition number="94" type="jump" coverage="0%" />
                  </conditions>
                </line>
                <line number="20" hits="0" branch="False" />
                <line number="21" hits="0" branch="False" />
                <line number="22" hits="0" branch="False" />
              </lines>
            </method>
            <method name=".cctor" signature="()" line-rate="0" branch-rate="1" complexity="1">
              <lines>
                <line number="11" hits="0" branch="False" />
              </lines>
            </method>
          </methods>
          <lines>
            <line number="12" hits="0" branch="False" />
            <line number="23" hits="0" branch="False" />
            <line number="24" hits="0" branch="False" />
            <line number="25" hits="0" branch="True" condition-coverage="0% (0/2)">
              <conditions>
                <condition number="13" type="jump" coverage="0%" />
              </conditions>
            </line>
            <line number="28" hits="0" branch="True" condition-coverage="0% (0/6)">
              <conditions>
                <condition number="6" type="jump" coverage="0%" />
                <condition number="15" type="jump" coverage="0%" />
                <condition number="25" type="jump" coverage="0%" />
              </conditions>
            </line>
            <line number="29" hits="0" branch="False" />
            <line number="30" hits="0" branch="False" />
            <line number="34" hits="0" branch="False" />
            <line number="35" hits="0" branch="False" />
            <line number="39" hits="0" branch="True" condition-coverage="0% (0/4)">
              <conditions>
                <condition number="2" type="jump" coverage="0%" />
                <condition number="11" type="jump" coverage="0%" />
              </conditions>
            </line>
            <line number="40" hits="0" branch="False" />
            <line number="44" hits="0" branch="False" />
            <line number="45" hits="0" branch="False" />
            <line number="49" hits="0" branch="True" condition-coverage="0% (0/2)">
              <conditions>
                <condition number="2" type="jump" coverage="0%" />
              </conditions>
            </line>
            <line number="50" hits="0" branch="True" condition-coverage="0% (0/4)">
              <conditions>
                <condition number="7" type="jump" coverage="0%" />
                <condition number="10" type="jump" coverage="0%" />
              </conditions>
            </line>
            <line number="51" hits="0" branch="False" />
            <line number="53" hits="0" branch="False" />
            <line number="13" hits="0" branch="False" />
            <line number="15" hits="0" branch="True" condition-coverage="0% (0/2)">
              <conditions>
                <condition number="12" type="jump" coverage="0%" />
              </conditions>
            </line>
            <line number="16" hits="0" branch="False" />
            <line number="17" hits="0" branch="True" condition-coverage="0% (0/4)">
              <conditions>
                <condition number="37" type="jump" coverage="0%" />
                <condition number="47" type="jump" coverage="0%" />
              </conditions>
            </line>
            <line number="18" hits="0" branch="False" />
            <line number="19" hits="0" branch="True" condition-coverage="0% (0/2)">
              <conditions>
                <condition number="94" type="jump" coverage="0%" />
              </conditions>
            </line>
            <line number="20" hits="0" branch="False" />
            <line number="21" hits="0" branch="False" />
            <line number="22" hits="0" branch="False" />
            <line number="11" hits="0" branch="False" />
          </lines>
        </class>
        <class name="Nexo.Core.Domain.ValueObjects.ProjectPath" filename="Nexo.Core.Domain/ValueObjects/ProjectPath.cs" line-rate="0" branch-rate="0" complexity="24">
          <methods>
            <method name="get_Value" signature="()" line-rate="0" branch-rate="1" complexity="1">
              <lines>
                <line number="10" hits="0" branch="False" />
              </lines>
            </method>
            <method name="op_Implicit" signature="(Nexo.Core.Domain.ValueObjects.ProjectPath)" line-rate="0" branch-rate="1" complexity="1">
              <lines>
                <line number="24" hits="0" branch="False" />
              </lines>
            </method>
            <method name="ToString" signature="()" line-rate="0" branch-rate="1" complexity="1">
              <lines>
                <line number="25" hits="0" branch="False" />
              </lines>
            </method>
            <method name="CompareTo" signature="(Nexo.Core.Domain.ValueObjects.ProjectPath)" line-rate="0" branch-rate="0" complexity="2">
              <lines>
                <line number="26" hits="0" branch="True" condition-coverage="0% (0/2)">
                  <conditions>
                    <condition number="13" type="jump" coverage="0%" />
                  </conditions>
                </line>
              </lines>
            </method>
            <method name="Combine" signature="(System.String[])" line-rate="0" branch-rate="0" complexity="2">
              <lines>
                <line number="29" hits="0" branch="False" />
                <line number="30" hits="0" branch="True" condition-coverage="0% (0/2)">
                  <conditions>
                    <condition number="33" type="jump" coverage="0%" />
                  </conditions>
                </line>
                <line number="31" hits="0" branch="False" />
              </lines>
            </method>
            <method name="GetDirectoryName" signature="()" line-rate="0" branch-rate="1" complexity="1">
              <lines>
                <line number="33" hits="0" branch="False" />
              </lines>
            </method>
            <method name="GetFileName" signature="()" line-rate="0" branch-rate="1" complexity="1">
              <lines>
                <line number="34" hits="0" branch="False" />
              </lines>
            </method>
            <method name="Equals" signature="(System.Object)" line-rate="0" branch-rate="1" complexity="1">
              <lines>
                <line number="37" hits="0" branch="False" />
                <line number="38" hits="0" branch="False" />
              </lines>
            </method>
            <method name="Equals" signature="(Nexo.Core.Domain.ValueObjects.ProjectPath)" line-rate="0" branch-rate="0" complexity="4">
              <lines>
                <line number="42" hits="0" branch="True" condition-coverage="0% (0/4)">
                  <conditions>
                    <condition number="2" type="jump" coverage="0%" />
                    <condition number="11" type="jump" coverage="0%" />
                  </conditions>
                </line>
                <line number="43" hits="0" branch="False" />
              </lines>
            </method>
            <method name="GetHashCode" signature="()" line-rate="0" branch-rate="1" complexity="1">
              <lines>
                <line number="47" hits="0" branch="False" />
                <line number="48" hits="0" branch="False" />
              </lines>
            </method>
            <method name="op_Equality" signature="(Nexo.Core.Domain.ValueObjects.ProjectPath,Nexo.Core.Domain.ValueObjects.ProjectPath)" line-rate="0" branch-rate="0" complexity="6">
              <lines>
                <line number="52" hits="0" branch="True" condition-coverage="0% (0/2)">
                  <conditions>
                    <condition number="2" type="jump" coverage="0%" />
                  </conditions>
                </line>
                <line number="53" hits="0" branch="True" condition-coverage="0% (0/4)">
                  <conditions>
                    <condition number="7" type="jump" coverage="0%" />
                    <condition number="10" type="jump" coverage="0%" />
                  </conditions>
                </line>
                <line number="54" hits="0" branch="False" />
              </lines>
            </method>
            <method name="op_Inequality" signature="(Nexo.Core.Domain.ValueObjects.ProjectPath,Nexo.Core.Domain.ValueObjects.ProjectPath)" line-rate="0" branch-rate="1" complexity="1">
              <lines>
                <line number="56" hits="0" branch="False" />
              </lines>
            </method>
            <method name=".ctor" signature="(System.String)" line-rate="0" branch-rate="0" complexity="2">
              <lines>
                <line number="11" hits="0" branch="False" />
                <line number="13" hits="0" branch="True" condition-coverage="0% (0/2)">
                  <conditions>
                    <condition number="12" type="jump" coverage="0%" />
                  </conditions>
                </line>
                <line number="14" hits="0" branch="False" />
                <line number="17" hits="0" branch="False" />
                <line number="18" hits="0" branch="False" />
                <line number="19" hits="0" branch="False" />
                <line number="21" hits="0" branch="False" />
                <line number="23" hits="0" branch="False" />
              </lines>
            </method>
          </methods>
          <lines>
            <line number="10" hits="0" branch="False" />
            <line number="24" hits="0" branch="False" />
            <line number="25" hits="0" branch="False" />
            <line number="26" hits="0" branch="True" condition-coverage="0% (0/2)">
              <conditions>
                <condition number="13" type="jump" coverage="0%" />
              </conditions>
            </line>
            <line number="29" hits="0" branch="False" />
            <line number="30" hits="0" branch="True" condition-coverage="0% (0/2)">
              <conditions>
                <condition number="33" type="jump" coverage="0%" />
              </conditions>
            </line>
            <line number="31" hits="0" branch="False" />
            <line number="33" hits="0" branch="False" />
            <line number="34" hits="0" branch="False" />
            <line number="37" hits="0" branch="False" />
            <line number="38" hits="0" branch="False" />
            <line number="42" hits="0" branch="True" condition-coverage="0% (0/4)">
              <conditions>
                <condition number="2" type="jump" coverage="0%" />
                <condition number="11" type="jump" coverage="0%" />
              </conditions>
            </line>
            <line number="43" hits="0" branch="False" />
            <line number="47" hits="0" branch="False" />
            <line number="48" hits="0" branch="False" />
            <line number="52" hits="0" branch="True" condition-coverage="0% (0/2)">
              <conditions>
                <condition number="2" type="jump" coverage="0%" />
              </conditions>
            </line>
            <line number="53" hits="0" branch="True" condition-coverage="0% (0/4)">
              <conditions>
                <condition number="7" type="jump" coverage="0%" />
                <condition number="10" type="jump" coverage="0%" />
              </conditions>
            </line>
            <line number="54" hits="0" branch="False" />
            <line number="56" hits="0" branch="False" />
            <line number="11" hits="0" branch="False" />
            <line number="13" hits="0" branch="True" condition-coverage="0% (0/2)">
              <conditions>
                <condition number="12" type="jump" coverage="0%" />
              </conditions>
            </line>
            <line number="14" hits="0" branch="False" />
            <line number="17" hits="0" branch="False" />
            <line number="18" hits="0" branch="False" />
            <line number="19" hits="0" branch="False" />
            <line number="21" hits="0" branch="False" />
            <line number="23" hits="0" branch="False" />
          </lines>
        </class>
        <class name="Nexo.Core.Domain.ValueObjects.SprintId" filename="Nexo.Core.Domain/ValueObjects/SprintId.cs" line-rate="0" branch-rate="0" complexity="8">
          <methods>
            <method name="get_Value" signature="()" line-rate="0" branch-rate="1" complexity="1">
              <lines>
                <line number="8" hits="0" branch="False" />
              </lines>
            </method>
            <method name="New" signature="()" line-rate="0" branch-rate="1" complexity="1">
              <lines>
                <line number="15" hits="0" branch="False" />
              </lines>
            </method>
            <method name="op_Implicit" signature="(Nexo.Core.Domain.ValueObjects.SprintId)" line-rate="0" branch-rate="1" complexity="1">
              <lines>
                <line number="16" hits="0" branch="False" />
              </lines>
            </method>
            <method name="ToString" signature="()" line-rate="0" branch-rate="1" complexity="1">
              <lines>
                <line number="17" hits="0" branch="False" />
              </lines>
            </method>
            <method name="CompareTo" signature="(Nexo.Core.Domain.ValueObjects.SprintId)" line-rate="0" branch-rate="0" complexity="2">
              <lines>
                <line number="18" hits="0" branch="True" condition-coverage="0% (0/2)">
                  <conditions>
                    <condition number="1" type="jump" coverage="0%" />
                  </conditions>
                </line>
              </lines>
            </method>
            <method name=".ctor" signature="(System.Guid)" line-rate="0" branch-rate="0" complexity="2">
              <lines>
                <line number="9" hits="0" branch="False" />
                <line number="11" hits="0" branch="True" condition-coverage="0% (0/2)">
                  <conditions>
                    <condition number="17" type="jump" coverage="0%" />
                  </conditions>
                </line>
                <line number="12" hits="0" branch="False" />
                <line number="13" hits="0" branch="False" />
                <line number="14" hits="0" branch="False" />
              </lines>
            </method>
          </methods>
          <lines>
            <line number="8" hits="0" branch="False" />
            <line number="15" hits="0" branch="False" />
            <line number="16" hits="0" branch="False" />
            <line number="17" hits="0" branch="False" />
            <line number="18" hits="0" branch="True" condition-coverage="0% (0/2)">
              <conditions>
                <condition number="1" type="jump" coverage="0%" />
              </conditions>
            </line>
            <line number="9" hits="0" branch="False" />
            <line number="11" hits="0" branch="True" condition-coverage="0% (0/2)">
              <conditions>
                <condition number="17" type="jump" coverage="0%" />
              </conditions>
            </line>
            <line number="12" hits="0" branch="False" />
            <line number="13" hits="0" branch="False" />
            <line number="14" hits="0" branch="False" />
          </lines>
        </class>
        <class name="Nexo.Core.Domain.Exceptions.DomainException" filename="Nexo.Core.Domain/Exceptions/DomainException.cs" line-rate="0" branch-rate="0" complexity="5">
          <methods>
            <method name="get_ErrorCode" signature="()" line-rate="0" branch-rate="1" complexity="1">
              <lines>
                <line number="13" hits="0" branch="False" />
              </lines>
            </method>
            <method name=".ctor" signature="(System.String,System.String)" line-rate="0" branch-rate="0" complexity="2">
              <lines>
                <line number="18" hits="0" branch="False" />
                <line number="20" hits="0" branch="True" condition-coverage="0% (0/2)">
                  <conditions>
                    <condition number="10" type="jump" coverage="0%" />
                  </conditions>
                </line>
                <line number="21" hits="0" branch="False" />
              </lines>
            </method>
            <method name=".ctor" signature="(System.String,System.String,System.Exception)" line-rate="0" branch-rate="0" complexity="2">
              <lines>
                <line number="65" hits="0" branch="False" />
                <line number="67" hits="0" branch="True" condition-coverage="0% (0/2)">
                  <conditions>
                    <condition number="11" type="jump" coverage="0%" />
                  </conditions>
                </line>
                <line number="68" hits="0" branch="False" />
              </lines>
            </method>
          </methods>
          <lines>
            <line number="13" hits="0" branch="False" />
            <line number="18" hits="0" branch="False" />
            <line number="20" hits="0" branch="True" condition-coverage="0% (0/2)">
              <conditions>
                <condition number="10" type="jump" coverage="0%" />
              </conditions>
            </line>
            <line number="21" hits="0" branch="False" />
            <line number="65" hits="0" branch="False" />
            <line number="67" hits="0" branch="True" condition-coverage="0% (0/2)">
              <conditions>
                <condition number="11" type="jump" coverage="0%" />
              </conditions>
            </line>
            <line number="68" hits="0" branch="False" />
          </lines>
        </class>
        <class name="Nexo.Core.Domain.Exceptions.ProjectNotFoundException" filename="Nexo.Core.Domain/Exceptions/ProjectNotFoundException.cs" line-rate="0" branch-rate="1" complexity="2">
          <methods>
            <method name=".ctor" signature="(System.String)" line-rate="0" branch-rate="1" complexity="1">
              <lines>
                <line number="14" hits="0" branch="False" />
                <line number="16" hits="0" branch="False" />
              </lines>
            </method>
            <method name=".ctor" signature="(System.String,System.Exception)" line-rate="0" branch-rate="1" complexity="1">
              <lines>
                <line number="23" hits="0" branch="False" />
                <line number="25" hits="0" branch="False" />
              </lines>
            </method>
          </methods>
          <lines>
            <line number="14" hits="0" branch="False" />
            <line number="16" hits="0" branch="False" />
            <line number="23" hits="0" branch="False" />
            <line number="25" hits="0" branch="False" />
          </lines>
        </class>
        <class name="Nexo.Core.Domain.Exceptions.ContainerOperationException" filename="Nexo.Core.Domain/Exceptions/ProjectNotFoundException.cs" line-rate="0" branch-rate="1" complexity="4">
          <methods>
            <method name="StartFailed" signature="(System.String,System.String)" line-rate="0" branch-rate="1" complexity="1">
              <lines>
                <line number="57" hits="0" branch="False" />
              </lines>
            </method>
            <method name="StopFailed" signature="(System.String,System.String)" line-rate="0" branch-rate="1" complexity="1">
              <lines>
                <line number="66" hits="0" branch="False" />
              </lines>
            </method>
            <method name=".ctor" signature="(System.String)" line-rate="0" branch-rate="1" complexity="1">
              <lines>
                <line number="37" hits="0" branch="False" />
                <line number="39" hits="0" branch="False" />
              </lines>
            </method>
            <method name=".ctor" signature="(System.String,System.Exception)" line-rate="0" branch-rate="1" complexity="1">
              <lines>
                <line number="46" hits="0" branch="False" />
                <line number="48" hits="0" branch="False" />
              </lines>
            </method>
          </methods>
          <lines>
            <line number="57" hits="0" branch="False" />
            <line number="66" hits="0" branch="False" />
            <line number="37" hits="0" branch="False" />
            <line number="39" hits="0" branch="False" />
            <line number="46" hits="0" branch="False" />
            <line number="48" hits="0" branch="False" />
          </lines>
        </class>
        <class name="Nexo.Core.Domain.Entities.Agent" filename="Nexo.Core.Domain/Entities/Agent.cs" line-rate="0" branch-rate="0" complexity="49">
          <methods>
            <method name="get_Id" signature="()" line-rate="0" branch-rate="1" complexity="1">
              <lines>
                <line number="38" hits="0" branch="False" />
              </lines>
            </method>
            <method name="get_Name" signature="()" line-rate="0" branch-rate="1" complexity="1">
              <lines>
                <line number="43" hits="0" branch="False" />
              </lines>
            </method>
            <method name="get_Role" signature="()" line-rate="0" branch-rate="1" complexity="1">
              <lines>
                <line number="48" hits="0" branch="False" />
              </lines>
            </method>
            <method name="get_FocusAreas" signature="()" line-rate="0" branch-rate="1" complexity="1">
              <lines>
                <line number="53" hits="0" branch="False" />
              </lines>
            </method>
            <method name="get_Capabilities" signature="()" line-rate="0" branch-rate="1" complexity="1">
              <lines>
                <line number="61" hits="0" branch="False" />
              </lines>
            </method>
            <method name="get_Status" signature="()" line-rate="0" branch-rate="1" complexity="1">
              <lines>
                <line number="66" hits="0" branch="False" />
              </lines>
            </method>
            <method name="get_Configuration" signature="()" line-rate="0" branch-rate="1" complexity="1">
              <lines>
                <line number="71" hits="0" branch="False" />
              </lines>
            </method>
            <method name="get_CreatedAt" signature="()" line-rate="0" branch-rate="1" complexity="1">
              <lines>
                <line number="76" hits="0" branch="False" />
              </lines>
            </method>
            <method name="get_LastActivatedAt" signature="()" line-rate="0" branch-rate="1" complexity="1">
              <lines>
                <line number="81" hits="0" branch="False" />
              </lines>
            </method>
            <method name="get_FailureReason" signature="()" line-rate="0" branch-rate="1" complexity="1">
              <lines>
                <line number="86" hits="0" branch="False" />
              </lines>
            </method>
            <method name="Activate" signature="()" line-rate="0" branch-rate="0" complexity="2">
              <lines>
                <line number="112" hits="0" branch="True" condition-coverage="0% (0/2)">
                  <conditions>
                    <condition number="7" type="jump" coverage="0%" />
                  </conditions>
                </line>
                <line number="113" hits="0" branch="False" />
                <line number="115" hits="0" branch="False" />
                <line number="116" hits="0" branch="False" />
                <line number="117" hits="0" branch="False" />
                <line number="118" hits="0" branch="False" />
              </lines>
            </method>
            <method name="Deactivate" signature="()" line-rate="0" branch-rate="1" complexity="1">
              <lines>
                <line number="125" hits="0" branch="False" />
                <line number="126" hits="0" branch="False" />
              </lines>
            </method>
            <method name="SetBusy" signature="()" line-rate="0" branch-rate="0" complexity="2">
              <lines>
                <line number="136" hits="0" branch="True" condition-coverage="0% (0/2)">
                  <conditions>
                    <condition number="7" type="jump" coverage="0%" />
                  </conditions>
                </line>
                <line number="137" hits="0" branch="False" />
                <line number="139" hits="0" branch="False" />
                <line number="140" hits="0" branch="False" />
              </lines>
            </method>
            <method name="SetFailed" signature="(System.String)" line-rate="0" branch-rate="0" complexity="2">
              <lines>
                <line number="149" hits="0" branch="True" condition-coverage="0% (0/2)">
                  <conditions>
                    <condition number="6" type="jump" coverage="0%" />
                  </conditions>
                </line>
                <line number="150" hits="0" branch="False" />
                <line number="152" hits="0" branch="False" />
                <line number="153" hits="0" branch="False" />
                <line number="154" hits="0" branch="False" />
              </lines>
            </method>
            <method name="AddFocusArea" signature="(System.String)" line-rate="0" branch-rate="0" complexity="4">
              <lines>
                <line number="163" hits="0" branch="True" condition-coverage="0% (0/2)">
                  <conditions>
                    <condition number="6" type="jump" coverage="0%" />
                  </conditions>
                </line>
                <line number="164" hits="0" branch="False" />
                <line number="166" hits="0" branch="True" condition-coverage="0% (0/2)">
                  <conditions>
                    <condition number="41" type="jump" coverage="0%" />
                  </conditions>
                </line>
                <line number="168" hits="0" branch="False" />
                <line number="170" hits="0" branch="False" />
              </lines>
            </method>
            <method name="RemoveFocusArea" signature="(System.String)" line-rate="0" branch-rate="1" complexity="1">
              <lines>
                <line number="179" hits="0" branch="False" />
              </lines>
            </method>
            <method name="AddCapability" signature="(System.String)" line-rate="0" branch-rate="0" complexity="4">
              <lines>
                <line number="189" hits="0" branch="True" condition-coverage="0% (0/2)">
                  <conditions>
                    <condition number="6" type="jump" coverage="0%" />
                  </conditions>
                </line>
                <line number="190" hits="0" branch="False" />
                <line number="192" hits="0" branch="True" condition-coverage="0% (0/2)">
                  <conditions>
                    <condition number="41" type="jump" coverage="0%" />
                  </conditions>
                </line>
                <line number="194" hits="0" branch="False" />
                <line number="196" hits="0" branch="False" />
              </lines>
            </method>
            <method name="RemoveCapability" signature="(System.String)" line-rate="0" branch-rate="1" complexity="1">
              <lines>
                <line number="205" hits="0" branch="False" />
              </lines>
            </method>
            <method name="SetConfiguration" signature="(System.String,System.Object)" line-rate="0" branch-rate="0" complexity="4">
              <lines>
                <line number="217" hits="0" branch="True" condition-coverage="0% (0/2)">
                  <conditions>
                    <condition number="6" type="jump" coverage="0%" />
                  </conditions>
                </line>
                <line number="218" hits="0" branch="False" />
                <line number="219" hits="0" branch="True" condition-coverage="0% (0/2)">
                  <conditions>
                    <condition number="25" type="jump" coverage="0%" />
                  </conditions>
                </line>
                <line number="220" hits="0" branch="False" />
                <line number="222" hits="0" branch="False" />
                <line number="223" hits="0" branch="False" />
              </lines>
            </method>
            <method name="GetConfiguration" signature="(System.String)" line-rate="0" branch-rate="0" complexity="4">
              <lines>
                <line number="233" hits="0" branch="True" condition-coverage="0% (0/4)">
                  <conditions>
                    <condition number="14" type="jump" coverage="0%" />
                    <condition number="22" type="jump" coverage="0%" />
                  </conditions>
                </line>
                <line number="235" hits="0" branch="False" />
                <line number="237" hits="0" branch="False" />
              </lines>
            </method>
            <method name="UpdateName" signature="(Nexo.Core.Domain.ValueObjects.AgentName)" line-rate="0" branch-rate="0" complexity="2">
              <lines>
                <line number="247" hits="0" branch="True" condition-coverage="0% (0/2)">
                  <conditions>
                    <condition number="7" type="jump" coverage="0%" />
                  </conditions>
                </line>
                <line number="248" hits="0" branch="False" />
                <line number="249" hits="0" branch="False" />
                <line number="250" hits="0" branch="False" />
              </lines>
            </method>
            <method name="UpdateRole" signature="(Nexo.Core.Domain.ValueObjects.AgentRole)" line-rate="0" branch-rate="0" complexity="2">
              <lines>
                <line number="259" hits="0" branch="True" condition-coverage="0% (0/2)">
                  <conditions>
                    <condition number="7" type="jump" coverage="0%" />
                  </conditions>
                </line>
                <line number="260" hits="0" branch="False" />
                <line number="261" hits="0" branch="False" />
                <line number="262" hits="0" branch="False" />
              </lines>
            </method>
            <method name="Reconstitute" signature="(Nexo.Core.Domain.ValueObjects.AgentId,Nexo.Core.Domain.ValueObjects.AgentName,Nexo.Core.Domain.ValueObjects.AgentRole,Nexo.Core.Domain.Enums.AgentStatus,System.DateTimeOffset,System.Nullable`1&lt;System.DateTimeOffset&gt;,System.String,System.Collections.Generic.IEnumerable`1&lt;System.String&gt;,System.Collections.Generic.IEnumerable`1&lt;System.String&gt;,System.Collections.Generic.IDictionary`2&lt;System.String,System.Object&gt;)" line-rate="0" branch-rate="0" complexity="4">
              <lines>
                <line number="291" hits="0" branch="False" />
                <line number="292" hits="0" branch="False" />
                <line number="293" hits="0" branch="False" />
                <line number="294" hits="0" branch="False" />
                <line number="295" hits="0" branch="False" />
                <line number="296" hits="0" branch="False" />
                <line number="297" hits="0" branch="False" />
                <line number="298" hits="0" branch="False" />
                <line number="299" hits="0" branch="False" />
                <line number="300" hits="0" branch="True" condition-coverage="0% (0/2)">
                  <conditions>
                    <condition number="68" type="jump" coverage="0%" />
                  </conditions>
                </line>
                <line number="302" hits="0" branch="True" condition-coverage="0% (0/2)">
                  <conditions>
                    <condition number="118" type="jump" coverage="0%" />
                  </conditions>
                </line>
                <line number="304" hits="0" branch="False" />
                <line number="307" hits="0" branch="False" />
              </lines>
            </method>
            <method name=".ctor" signature="(Nexo.Core.Domain.ValueObjects.AgentId,Nexo.Core.Domain.ValueObjects.AgentName,Nexo.Core.Domain.ValueObjects.AgentRole)" line-rate="0" branch-rate="0" complexity="6">
              <lines>
                <line number="23" hits="0" branch="False" />
                <line number="28" hits="0" branch="False" />
                <line number="33" hits="0" branch="False" />
                <line number="91" hits="0" branch="False" />
                <line number="93" hits="0" branch="True" condition-coverage="0% (0/2)">
                  <conditions>
                    <condition number="40" type="jump" coverage="0%" />
                  </conditions>
                </line>
                <line number="94" hits="0" branch="True" condition-coverage="0% (0/2)">
                  <conditions>
                    <condition number="60" type="jump" coverage="0%" />
                  </conditions>
                </line>
                <line number="95" hits="0" branch="True" condition-coverage="0% (0/2)">
                  <conditions>
                    <condition number="80" type="jump" coverage="0%" />
                  </conditions>
                </line>
                <line number="97" hits="0" branch="False" />
                <line number="98" hits="0" branch="False" />
                <line number="99" hits="0" branch="False" />
                <line number="100" hits="0" branch="False" />
                <line number="101" hits="0" branch="False" />
                <line number="102" hits="0" branch="False" />
              </lines>
            </method>
          </methods>
          <lines>
            <line number="38" hits="0" branch="False" />
            <line number="43" hits="0" branch="False" />
            <line number="48" hits="0" branch="False" />
            <line number="53" hits="0" branch="False" />
            <line number="61" hits="0" branch="False" />
            <line number="66" hits="0" branch="False" />
            <line number="71" hits="0" branch="False" />
            <line number="76" hits="0" branch="False" />
            <line number="81" hits="0" branch="False" />
            <line number="86" hits="0" branch="False" />
            <line number="112" hits="0" branch="True" condition-coverage="0% (0/2)">
              <conditions>
                <condition number="7" type="jump" coverage="0%" />
              </conditions>
            </line>
            <line number="113" hits="0" branch="False" />
            <line number="115" hits="0" branch="False" />
            <line number="116" hits="0" branch="False" />
            <line number="117" hits="0" branch="False" />
            <line number="118" hits="0" branch="False" />
            <line number="125" hits="0" branch="False" />
            <line number="126" hits="0" branch="False" />
            <line number="136" hits="0" branch="True" condition-coverage="0% (0/2)">
              <conditions>
                <condition number="7" type="jump" coverage="0%" />
              </conditions>
            </line>
            <line number="137" hits="0" branch="False" />
            <line number="139" hits="0" branch="False" />
            <line number="140" hits="0" branch="False" />
            <line number="149" hits="0" branch="True" condition-coverage="0% (0/2)">
              <conditions>
                <condition number="6" type="jump" coverage="0%" />
              </conditions>
            </line>
            <line number="150" hits="0" branch="False" />
            <line number="152" hits="0" branch="False" />
            <line number="153" hits="0" branch="False" />
            <line number="154" hits="0" branch="False" />
            <line number="163" hits="0" branch="True" condition-coverage="0% (0/2)">
              <conditions>
                <condition number="6" type="jump" coverage="0%" />
              </conditions>
            </line>
            <line number="164" hits="0" branch="False" />
            <line number="166" hits="0" branch="True" condition-coverage="0% (0/2)">
              <conditions>
                <condition number="41" type="jump" coverage="0%" />
              </conditions>
            </line>
            <line number="168" hits="0" branch="False" />
            <line number="170" hits="0" branch="False" />
            <line number="179" hits="0" branch="False" />
            <line number="189" hits="0" branch="True" condition-coverage="0% (0/2)">
              <conditions>
                <condition number="6" type="jump" coverage="0%" />
              </conditions>
            </line>
            <line number="190" hits="0" branch="False" />
            <line number="192" hits="0" branch="True" condition-coverage="0% (0/2)">
              <conditions>
                <condition number="41" type="jump" coverage="0%" />
              </conditions>
            </line>
            <line number="194" hits="0" branch="False" />
            <line number="196" hits="0" branch="False" />
            <line number="205" hits="0" branch="False" />
            <line number="217" hits="0" branch="True" condition-coverage="0% (0/2)">
              <conditions>
                <condition number="6" type="jump" coverage="0%" />
              </conditions>
            </line>
            <line number="218" hits="0" branch="False" />
            <line number="219" hits="0" branch="True" condition-coverage="0% (0/2)">
              <conditions>
                <condition number="25" type="jump" coverage="0%" />
              </conditions>
            </line>
            <line number="220" hits="0" branch="False" />
            <line number="222" hits="0" branch="False" />
            <line number="223" hits="0" branch="False" />
            <line number="233" hits="0" branch="True" condition-coverage="0% (0/4)">
              <conditions>
                <condition number="14" type="jump" coverage="0%" />
                <condition number="22" type="jump" coverage="0%" />
              </conditions>
            </line>
            <line number="235" hits="0" branch="False" />
            <line number="237" hits="0" branch="False" />
            <line number="247" hits="0" branch="True" condition-coverage="0% (0/2)">
              <conditions>
                <condition number="7" type="jump" coverage="0%" />
              </conditions>
            </line>
            <line number="248" hits="0" branch="False" />
            <line number="249" hits="0" branch="False" />
            <line number="250" hits="0" branch="False" />
            <line number="259" hits="0" branch="True" condition-coverage="0% (0/2)">
              <conditions>
                <condition number="7" type="jump" coverage="0%" />
              </conditions>
            </line>
            <line number="260" hits="0" branch="False" />
            <line number="261" hits="0" branch="False" />
            <line number="262" hits="0" branch="False" />
            <line number="291" hits="0" branch="False" />
            <line number="292" hits="0" branch="False" />
            <line number="293" hits="0" branch="False" />
            <line number="294" hits="0" branch="False" />
            <line number="295" hits="0" branch="False" />
            <line number="296" hits="0" branch="False" />
            <line number="297" hits="0" branch="False" />
            <line number="298" hits="0" branch="False" />
            <line number="299" hits="0" branch="False" />
            <line number="300" hits="0" branch="True" condition-coverage="0% (0/2)">
              <conditions>
                <condition number="68" type="jump" coverage="0%" />
              </conditions>
            </line>
            <line number="302" hits="0" branch="True" condition-coverage="0% (0/2)">
              <conditions>
                <condition number="118" type="jump" coverage="0%" />
              </conditions>
            </line>
            <line number="304" hits="0" branch="False" />
            <line number="307" hits="0" branch="False" />
            <line number="23" hits="0" branch="False" />
            <line number="28" hits="0" branch="False" />
            <line number="33" hits="0" branch="False" />
            <line number="91" hits="0" branch="False" />
            <line number="93" hits="0" branch="True" condition-coverage="0% (0/2)">
              <conditions>
                <condition number="40" type="jump" coverage="0%" />
              </conditions>
            </line>
            <line number="94" hits="0" branch="True" condition-coverage="0% (0/2)">
              <conditions>
                <condition number="60" type="jump" coverage="0%" />
              </conditions>
            </line>
            <line number="95" hits="0" branch="True" condition-coverage="0% (0/2)">
              <conditions>
                <condition number="80" type="jump" coverage="0%" />
              </conditions>
            </line>
            <line number="97" hits="0" branch="False" />
            <line number="98" hits="0" branch="False" />
            <line number="99" hits="0" branch="False" />
            <line number="100" hits="0" branch="False" />
            <line number="101" hits="0" branch="False" />
            <line number="102" hits="0" branch="False" />
          </lines>
        </class>
        <class name="Nexo.Core.Domain.Entities.Project" filename="Nexo.Core.Domain/Entities/Project.cs" line-rate="0" branch-rate="0" complexity="52">
          <methods>
            <method name="get_Id" signature="()" line-rate="0" branch-rate="1" complexity="1">
              <lines>
                <line number="30" hits="0" branch="False" />
              </lines>
            </method>
            <method name="get_Name" signature="()" line-rate="0" branch-rate="1" complexity="1">
              <lines>
                <line number="35" hits="0" branch="False" />
              </lines>
            </method>
            <method name="get_Path" signature="()" line-rate="0" branch-rate="1" complexity="1">
              <lines>
                <line number="40" hits="0" branch="False" />
              </lines>
            </method>
            <method name="get_Runtime" signature="()" line-rate="0" branch-rate="1" complexity="1">
              <lines>
                <line number="45" hits="0" branch="False" />
              </lines>
            </method>
            <method name="get_Agents" signature="()" line-rate="0" branch-rate="1" complexity="1">
              <lines>
                <line number="50" hits="0" branch="False" />
              </lines>
            </method>
            <method name="get_Status" signature="()" line-rate="0" branch-rate="1" complexity="1">
              <lines>
                <line number="55" hits="0" branch="False" />
              </lines>
            </method>
            <method name="get_CreatedAt" signature="()" line-rate="0" branch-rate="1" complexity="1">
              <lines>
                <line number="60" hits="0" branch="False" />
              </lines>
            </method>
            <method name="get_ModifiedAt" signature="()" line-rate="0" branch-rate="1" complexity="1">
              <lines>
                <line number="65" hits="0" branch="False" />
              </lines>
            </method>
            <method name="get_Metadata" signature="()" line-rate="0" branch-rate="1" complexity="1">
              <lines>
                <line number="70" hits="0" branch="False" />
              </lines>
            </method>
            <method name="AddAgent" signature="(Nexo.Core.Domain.Entities.Agent)" line-rate="0" branch-rate="0" complexity="4">
              <lines>
                <line number="97" hits="0" branch="True" condition-coverage="0% (0/2)">
                  <conditions>
                    <condition number="19" type="jump" coverage="0%" />
                  </conditions>
                </line>
[...]
              </lines>
            </method>
          </methods>
          <lines>
            <line number="370" hits="0" branch="False" />
            <line number="375" hits="0" branch="False" />
            <line number="380" hits="0" branch="False" />
            <line number="385" hits="0" branch="False" />
            <line number="390" hits="0" branch="False" />
            <line number="395" hits="0" branch="False" />
          </lines>
        </class>
        <class name="Nexo.Shared.Interfaces.Resource.ResourceMetrics" filename="Nexo.Shared/Interfaces/Resource/IResourceManager.cs" line-rate="0" branch-rate="1" complexity="5">
          <methods>
            <method name="get_AverageUtilization" signature="()" line-rate="0" branch-rate="1" complexity="1">
              <lines>
                <line number="406" hits="0" branch="False" />
              </lines>
            </method>
            <method name="get_PeakUtilization" signature="()" line-rate="0" branch-rate="1" complexity="1">
              <lines>
                <line number="411" hits="0" branch="False" />
              </lines>
            </method>
            <method name="get_AllocationCount" signature="()" line-rate="0" branch-rate="1" complexity="1">
              <lines>
                <line number="416" hits="0" branch="False" />
              </lines>
            </method>
            <method name="get_ReleaseCount" signature="()" line-rate="0" branch-rate="1" complexity="1">
              <lines>
                <line number="421" hits="0" branch="False" />
              </lines>
            </method>
            <method name="get_AverageAllocationTime" signature="()" line-rate="0" branch-rate="1" complexity="1">
              <lines>
                <line number="426" hits="0" branch="False" />
              </lines>
            </method>
          </methods>
          <lines>
            <line number="406" hits="0" branch="False" />
            <line number="411" hits="0" branch="False" />
            <line number="416" hits="0" branch="False" />
            <line number="421" hits="0" branch="False" />
            <line number="426" hits="0" branch="False" />
          </lines>
        </class>
        <class name="Nexo.Shared.Interfaces.Resource.ResourceHealthStatus" filename="Nexo.Shared/Interfaces/Resource/IResourceManager.cs" line-rate="0" branch-rate="1" complexity="3">
          <methods>
            <method name="get_OverallStatus" signature="()" line-rate="0" branch-rate="1" complexity="1">
              <lines>
                <line number="437" hits="0" branch="False" />
              </lines>
            </method>
            <method name="get_StatusByType" signature="()" line-rate="0" branch-rate="1" complexity="1">
              <lines>
                <line number="442" hits="0" branch="False" />
              </lines>
            </method>
            <method name="get_LastCheckTime" signature="()" line-rate="0" branch-rate="1" complexity="1">
              <lines>
                <line number="447" hits="0" branch="False" />
              </lines>
            </method>
          </methods>
          <lines>
            <line number="437" hits="0" branch="False" />
            <line number="442" hits="0" branch="False" />
            <line number="447" hits="0" branch="False" />
          </lines>
        </class>
        <class name="Nexo.Shared.Interfaces.Resource.ResourceOptimizationRecommendation" filename="Nexo.Shared/Interfaces/Resource/IResourceManager.cs" line-rate="0" branch-rate="1" complexity="4">
          <methods>
            <method name="get_Type" signature="()" line-rate="0" branch-rate="1" complexity="1">
              <lines>
                <line number="458" hits="0" branch="False" />
              </lines>
            </method>
            <method name="get_Message" signature="()" line-rate="0" branch-rate="1" complexity="1">
              <lines>
                <line number="463" hits="0" branch="False" />
              </lines>
            </method>
            <method name="get_Impact" signature="()" line-rate="0" branch-rate="1" complexity="1">
              <lines>
                <line number="468" hits="0" branch="False" />
              </lines>
            </method>
            <method name="get_Priority" signature="()" line-rate="0" branch-rate="1" complexity="1">
              <lines>
                <line number="473" hits="0" branch="False" />
              </lines>
            </method>
          </methods>
          <lines>
            <line number="458" hits="0" branch="False" />
            <line number="463" hits="0" branch="False" />
            <line number="468" hits="0" branch="False" />
            <line number="473" hits="0" branch="False" />
          </lines>
        </class>
        <class name="Nexo.Shared.Interfaces.Resource.ResourceAllocationPolicy" filename="Nexo.Shared/Interfaces/Resource/IResourceManager.cs" line-rate="0" branch-rate="1" complexity="5">
          <methods>
            <method name="get_MaxAllocationPerRequest" signature="()" line-rate="0" branch-rate="1" complexity="1">
              <lines>
                <line number="484" hits="0" branch="False" />
              </lines>
            </method>
            <method name="get_MinAllocationPerRequest" signature="()" line-rate="0" branch-rate="1" complexity="1">
              <lines>
                <line number="489" hits="0" branch="False" />
              </lines>
            </method>
            <method name="get_AllocationTimeout" signature="()" line-rate="0" branch-rate="1" complexity="1">
              <lines>
                <line number="494" hits="0" branch="False" />
              </lines>
            </method>
            <method name="get_AllowOverAllocation" signature="()" line-rate="0" branch-rate="1" complexity="1">
              <lines>
                <line number="499" hits="0" branch="False" />
              </lines>
            </method>
            <method name="get_OverAllocationLimitPercentage" signature="()" line-rate="0" branch-rate="1" complexity="1">
              <lines>
                <line number="504" hits="0" branch="False" />
              </lines>
            </method>
          </methods>
          <lines>
            <line number="484" hits="0" branch="False" />
            <line number="489" hits="0" branch="False" />
            <line number="494" hits="0" branch="False" />
            <line number="499" hits="0" branch="False" />
            <line number="504" hits="0" branch="False" />
          </lines>
        </class>
        <class name="Nexo.Shared.Interfaces.Resource.MemoryInfo" filename="Nexo.Shared/Interfaces/Resource/IResourceMonitor.cs" line-rate="0" branch-rate="0" complexity="5">
          <methods>
            <method name="get_TotalBytes" signature="()" line-rate="0" branch-rate="1" complexity="1">
              <lines>
                <line number="38" hits="0" branch="False" />
              </lines>
            </method>
            <method name="get_AvailableBytes" signature="()" line-rate="0" branch-rate="1" complexity="1">
              <lines>
                <line number="39" hits="0" branch="False" />
              </lines>
            </method>
            <method name="get_UsedBytes" signature="()" line-rate="0" branch-rate="1" complexity="1">
              <lines>
                <line number="40" hits="0" branch="False" />
              </lines>
            </method>
            <method name="get_UsagePercentage" signature="()" line-rate="0" branch-rate="0" complexity="2">
              <lines>
                <line number="41" hits="0" branch="True" condition-coverage="0% (0/2)">
                  <conditions>
                    <condition number="8" type="jump" coverage="0%" />
                  </conditions>
                </line>
              </lines>
            </method>
          </methods>
          <lines>
            <line number="38" hits="0" branch="False" />
            <line number="39" hits="0" branch="False" />
            <line number="40" hits="0" branch="False" />
            <line number="41" hits="0" branch="True" condition-coverage="0% (0/2)">
              <conditions>
                <condition number="8" type="jump" coverage="0%" />
              </conditions>
            </line>
          </lines>
        </class>
        <class name="Nexo.Shared.Interfaces.Resource.DiskInfo" filename="Nexo.Shared/Interfaces/Resource/IResourceMonitor.cs" line-rate="0" branch-rate="0" complexity="6">
          <methods>
            <method name="get_TotalBytes" signature="()" line-rate="0" branch-rate="1" complexity="1">
              <lines>
                <line number="49" hits="0" branch="False" />
              </lines>
            </method>
            <method name="get_AvailableBytes" signature="()" line-rate="0" branch-rate="1" complexity="1">
              <lines>
                <line number="50" hits="0" branch="False" />
              </lines>
            </method>
            <method name="get_UsedBytes" signature="()" line-rate="0" branch-rate="1" complexity="1">
              <lines>
                <line number="51" hits="0" branch="False" />
              </lines>
            </method>
            <method name="get_UsagePercentage" signature="()" line-rate="0" branch-rate="0" complexity="2">
              <lines>
                <line number="52" hits="0" branch="True" condition-coverage="0% (0/2)">
                  <conditions>
                    <condition number="8" type="jump" coverage="0%" />
                  </conditions>
                </line>
              </lines>
            </method>
            <method name="get_Path" signature="()" line-rate="0" branch-rate="1" complexity="1">
              <lines>
                <line number="53" hits="0" branch="False" />
              </lines>
            </method>
          </methods>
          <lines>
            <line number="49" hits="0" branch="False" />
            <line number="50" hits="0" branch="False" />
            <line number="51" hits="0" branch="False" />
            <line number="52" hits="0" branch="True" condition-coverage="0% (0/2)">
              <conditions>
                <condition number="8" type="jump" coverage="0%" />
              </conditions>
            </line>
            <line number="53" hits="0" branch="False" />
          </lines>
        </class>
        <class name="Nexo.Shared.Interfaces.Resource.SystemResourceUsage" filename="Nexo.Shared/Interfaces/Resource/IResourceMonitor.cs" line-rate="0" branch-rate="1" complexity="4">
          <methods>
            <method name="get_CpuUsagePercentage" signature="()" line-rate="0" branch-rate="1" complexity="1">
              <lines>
                <line number="61" hits="0" branch="False" />
              </lines>
            </method>
            <method name="get_Memory" signature="()" line-rate="0" branch-rate="1" complexity="1">
              <lines>
                <line number="62" hits="0" branch="False" />
              </lines>
            </method>
            <method name="get_Disk" signature="()" line-rate="0" branch-rate="1" complexity="1">
              <lines>
                <line number="63" hits="0" branch="False" />
              </lines>
            </method>
            <method name="get_Timestamp" signature="()" line-rate="0" branch-rate="1" complexity="1">
              <lines>
                <line number="64" hits="0" branch="False" />
              </lines>
            </method>
          </methods>
          <lines>
            <line number="61" hits="0" branch="False" />
            <line number="62" hits="0" branch="False" />
            <line number="63" hits="0" branch="False" />
            <line number="64" hits="0" branch="False" />
          </lines>
        </class>
        <class name="Nexo.Shared.Interfaces.Resource.OptimizationRule" filename="Nexo.Shared/Interfaces/Resource/IResourceOptimizer.cs" line-rate="0" branch-rate="1" complexity="4">
          <methods>
            <method name="get_Name" signature="()" line-rate="0" branch-rate="1" complexity="1">
              <lines>
                <line number="46" hits="0" branch="False" />
              </lines>
            </method>
            <method name="get_Description" signature="()" line-rate="0" branch-rate="1" complexity="1">
              <lines>
                <line number="47" hits="0" branch="False" />
              </lines>
            </method>
            <method name="get_Condition" signature="()" line-rate="0" branch-rate="1" complexity="1">
              <lines>
                <line number="48" hits="0" branch="False" />
              </lines>
            </method>
            <method name="get_Action" signature="()" line-rate="0" branch-rate="1" complexity="1">
              <lines>
                <line number="49" hits="0" branch="False" />
              </lines>
            </method>
          </methods>
          <lines>
            <line number="46" hits="0" branch="False" />
            <line number="47" hits="0" branch="False" />
            <line number="48" hits="0" branch="False" />
            <line number="49" hits="0" branch="False" />
          </lines>
        </class>
        <class name="Nexo.Shared.Interfaces.Resource.OptimizationRecommendation" filename="Nexo.Shared/Interfaces/Resource/IResourceOptimizer.cs" line-rate="0" branch-rate="1" complexity="5">
          <methods>
            <method name="get_Type" signature="()" line-rate="0" branch-rate="1" complexity="1">
              <lines>
                <line number="57" hits="0" branch="False" />
              </lines>
            </method>
            <method name="get_Message" signature="()" line-rate="0" branch-rate="1" complexity="1">
              <lines>
                <line number="58" hits="0" branch="False" />
              </lines>
            </method>
            <method name="get_Impact" signature="()" line-rate="0" branch-rate="1" complexity="1">
              <lines>
                <line number="59" hits="0" branch="False" />
              </lines>
            </method>
            <method name="get_Priority" signature="()" line-rate="0" branch-rate="1" complexity="1">
              <lines>
                <line number="60" hits="0" branch="False" />
              </lines>
            </method>
            <method name="get_Timestamp" signature="()" line-rate="0" branch-rate="1" complexity="1">
              <lines>
                <line number="61" hits="0" branch="False" />
              </lines>
            </method>
          </methods>
          <lines>
            <line number="57" hits="0" branch="False" />
            <line number="58" hits="0" branch="False" />
            <line number="59" hits="0" branch="False" />
            <line number="60" hits="0" branch="False" />
            <line number="61" hits="0" branch="False" />
          </lines>
        </class>
        <class name="Nexo.Shared.Interfaces.Resource.OptimizationResult" filename="Nexo.Shared/Interfaces/Resource/IResourceOptimizer.cs" line-rate="0" branch-rate="1" complexity="2">
          <methods>
            <method name="get_Timestamp" signature="()" line-rate="0" branch-rate="1" complexity="1">
              <lines>
                <line number="69" hits="0" branch="False" />
              </lines>
            </method>
            <method name="get_Recommendations" signature="()" line-rate="0" branch-rate="1" complexity="1">
              <lines>
                <line number="70" hits="0" branch="False" />
              </lines>
            </method>
          </methods>
          <lines>
            <line number="69" hits="0" branch="False" />
            <line number="70" hits="0" branch="False" />
          </lines>
        </class>
        <class name="Nexo.Shared.Interfaces.Resource.OptimizationHistory" filename="Nexo.Shared/Interfaces/Resource/IResourceOptimizer.cs" line-rate="0" branch-rate="1" complexity="3">
          <methods>
            <method name="get_Timestamp" signature="()" line-rate="0" branch-rate="1" complexity="1">
              <lines>
                <line number="78" hits="0" branch="False" />
              </lines>
            </method>
            <method name="get_ResourceUsage" signature="()" line-rate="0" branch-rate="1" complexity="1">
              <lines>
                <line number="79" hits="0" branch="False" />
              </lines>
            </method>
            <method name="get_Recommendations" signature="()" line-rate="0" branch-rate="1" complexity="1">
              <lines>
                <line number="80" hits="0" branch="False" />
              </lines>
            </method>
          </methods>
          <lines>
            <line number="78" hits="0" branch="False" />
            <line number="79" hits="0" branch="False" />
            <line number="80" hits="0" branch="False" />
          </lines>
        </class>
        <class name="Nexo.Shared.Interfaces.Resource.PipelineExecutionRequest" filename="Nexo.Shared/Interfaces/Resource/IResourceOptimizer.cs" line-rate="0" branch-rate="1" complexity="5">
          <methods>
            <method name="get_PipelineId" signature="()" line-rate="0" branch-rate="1" complexity="1">
              <lines>
                <line number="88" hits="0" branch="False" />
              </lines>
            </method>
            <method name="get_EstimatedCpuUsage" signature="()" line-rate="0" branch-rate="1" complexity="1">
              <lines>
                <line number="89" hits="0" branch="False" />
              </lines>
            </method>
            <method name="get_EstimatedMemoryUsage" signature="()" line-rate="0" branch-rate="1" complexity="1">
              <lines>
                <line number="90" hits="0" branch="False" />
              </lines>
            </method>
            <method name="get_EstimatedDuration" signature="()" line-rate="0" branch-rate="1" complexity="1">
              <lines>
                <line number="91" hits="0" branch="False" />
              </lines>
            </method>
            <method name="get_Priority" signature="()" line-rate="0" branch-rate="1" complexity="1">
              <lines>
                <line number="92" hits="0" branch="False" />
              </lines>
            </method>
          </methods>
          <lines>
            <line number="88" hits="0" branch="False" />
            <line number="89" hits="0" branch="False" />
            <line number="90" hits="0" branch="False" />
            <line number="91" hits="0" branch="False" />
            <line number="92" hits="0" branch="False" />
          </lines>
        </class>
        <class name="Nexo.Shared.Interfaces.Resource.ThrottlingResult" filename="Nexo.Shared/Interfaces/Resource/IResourceOptimizer.cs" line-rate="0" branch-rate="1" complexity="3">
          <methods>
            <method name="get_ShouldThrottle" signature="()" line-rate="0" branch-rate="1" complexity="1">
              <lines>
                <line number="100" hits="0" branch="False" />
              </lines>
            </method>
            <method name="get_ThrottlingLevel" signature="()" line-rate="0" branch-rate="1" complexity="1">
              <lines>
                <line number="101" hits="0" branch="False" />
              </lines>
            </method>
            <method name="get_RecommendedDelay" signature="()" line-rate="0" branch-rate="1" complexity="1">
              <lines>
                <line number="102" hits="0" branch="False" />
              </lines>
            </method>
          </methods>
          <lines>
            <line number="100" hits="0" branch="False" />
            <line number="101" hits="0" branch="False" />
            <line number="102" hits="0" branch="False" />
          </lines>
        </class>
      </classes>
    </package>
  </packages>
</coverage>